#
# There is insufficient memory for the Java Runtime Environment to continue.
# Native memory allocation (mmap) failed to map 65536 bytes for Failed to commit metaspace.
# Possible reasons:
#   The system is out of physical RAM or swap space
#   The process is running with CompressedOops enabled, and the Java Heap may be blocking the growth of the native heap
# Possible solutions:
#   Reduce memory load on the system
#   Increase physical memory or swap space
#   Check if swap backing store is full
#   Decrease Java heap size (-Xmx/-Xms)
#   Decrease number of Java threads
#   Decrease Java thread stack sizes (-Xss)
#   Set larger code cache with -XX:ReservedCodeCacheSize=
#   JVM is running with Unscaled Compressed Oops mode in which the Java heap is
#     placed in the first 4GB address space. The Java Heap base address is the
#     maximum limit for the native heap growth. Please use -XX:HeapBaseMinAddress
#     to set the Java Heap base and to place the Java Heap above 4GB virtual address.
# This output file may be truncated or incomplete.
#
#  Out of Memory Error (virtualSpaceNode.cpp:110), pid=13920, tid=14600
#
# JRE version: Java(TM) SE Runtime Environment (17.0.10+11) (build 17.0.10+11-LTS-240)
# Java VM: Java HotSpot(TM) 64-Bit Server VM (17.0.10+11-LTS-240, mixed mode, emulated-client, sharing, tiered, compressed oops, compressed class ptrs, g1 gc, windows-amd64)
# No core dump will be written. Minidumps are not enabled by default on client versions of Windows
#

---------------  S U M M A R Y ------------

Command Line: -XX:TieredStopAtLevel=1 com.websocket.server.WebsocketServerApplication

Host: Intel(R) Core(TM) i7-9750H CPU @ 2.60GHz, 12 cores, 7G,  Windows 10 , 64 bit Build 19041 (10.0.19041.4597)
Time: Fri Jul 12 21:09:36 2024 Paris, Madrid (heure duild 19041 (10.0.19041.4597) elapsed time: 1.130951 seconds (0d 0h 0m 1s)

---------------  T H R E A D  ---------------

Current thread (0x0000017e0f4e8eb0):  JavaThread "main" [_thread_in_vm, id=14600, stack(0x0000005853c00000,0x0000005853d00000)]

Stack: [0x0000005853c00000,0x0000005853d00000]
Native frames: (J=compiled Java code, j=interpreted, Vv=VM code, C=native code)
V  [jvm.dll+0x677a5a]
V  [jvm.dll+0x7d8b2d]
V  [jvm.dll+0x7da48e]
V  [jvm.dll+0x7daaf3]
V  [jvm.dll+0x2455ff]
V  [jvm.dll+0x7d483b]
V  [jvm.dll+0x61dc06]
V  [jvm.dll+0x1bfa87]
V  [jvm.dll+0x620570]
V  [jvm.dll+0x61e5c6]
V  [jvm.dll+0x23afe6]
V  [jvm.dll+0x1e9d67]
V  [jvm.dll+0x1dfa01]
V  [jvm.dll+0x53d58c]
V  [jvm.dll+0x753438]
V  [jvm.dll+0x753524]
V  [jvm.dll+0x40babf]
V  [jvm.dll+0x411a89]
C  [java.dll+0x17ec]

Java frames: (J=compiled Java code, j=interpreted, Vv=VM code)
J 684  java.lang.ClassLoader.defineClass1(Ljava/lang/ClassLoader;Ljava/lang/String;[BIILjava/security/ProtectionDomain;Ljava/lang/String;)Ljava/lang/Class; java.base@17.0.10 (0 bytes) @ 0x0000017e16fa89e3 [0x0000017e16fa8920+0x00000000000000c3]
J 835 c1 java.lang.ClassLoader.defineClass(Ljava/lang/String;[BIILjava/security/ProtectionDomain;)Ljava/lang/Class; java.base@17.0.10 (43 bytes) @ 0x0000017e16fe72dc [0x0000017e16fe71e0+0x00000000000000fc]
J 686 c1 jdk.internal.loader.BuiltinClassLoader.defineClass(Ljava/lang/String;Ljdk/internal/loader/Resource;)Ljava/lang/Class; java.base@17.0.10 (121 bytes) @ 0x0000017e16faa4e4 [0x0000017e16faa020+0x00000000000004c4]
J 683 c1 jdk.internal.loader.BuiltinClassLoader.findClassOnClassPathOrNull(Ljava/lang/String;)Ljava/lang/Class; java.base@17.0.10 (64 bytes) @ 0x0000017e16fa91b4 [0x0000017e16fa8f00+0x00000000000002b4]
J 333 c1 jdk.internal.loader.BuiltinClassLoader.loadClassOrNull(Ljava/lang/String;Z)Ljava/lang/Class; java.base@17.0.10 (143 bytes) @ 0x0000017e16f22e5c [0x0000017e16f22a00+0x000000000000045c]
J 555 c1 jdk.internal.loader.ClassLoaders$AppClassLoader.loadClass(Ljava/lang/String;Z)Ljava/lang/Class; java.base@17.0.10 (40 bytes) @ 0x0000017e16f78da4 [0x0000017e16f78c60+0x0000000000000144]
J 554 c1 java.lang.ClassLoader.loadClass(Ljava/lang/String;)Ljava/lang/Class; java.base@17.0.10 (7 bytes) @ 0x0000017e16f78964 [0x0000017e16f78920+0x0000000000000044]
v  ~StubRoutines::call_stub
J 684  java.lang.ClassLoader.defineClass1(Ljava/lang/ClassLoader;Ljava/lang/String;[BIILjava/security/ProtectionDomain;Ljava/lang/String;)Ljava/lang/Class; java.base@17.0.10 (0 bytes) @ 0x0000017e16fa89e3 [0x0000017e16fa8920+0x00000000000000c3]
J 835 c1 java.lang.ClassLoader.defineClass(Ljava/lang/String;[BIILjava/security/ProtectionDomain;)Ljava/lang/Class; java.base@17.0.10 (43 bytes) @ 0x0000017e16fe72dc [0x0000017e16fe71e0+0x00000000000000fc]
J 686 c1 jdk.internal.loader.BuiltinClassLoader.defineClass(Ljava/lang/String;Ljdk/internal/loader/Resource;)Ljava/lang/Class; java.base@17.0.10 (121 bytes) @ 0x0000017e16faa4e4 [0x0000017e16faa020+0x00000000000004c4]
J 683 c1 jdk.internal.loader.BuiltinClassLoader.findClassOnClassPathOrNull(Ljava/lang/String;)Ljava/lang/Class; java.base@17.0.10 (64 bytes) @ 0x0000017e16fa91b4 [0x0000017e16fa8f00+0x00000000000002b4]
J 333 c1 jdk.internal.loader.BuiltinClassLoader.loadClassOrNull(Ljava/lang/String;Z)Ljava/lang/Class; java.base@17.0.10 (143 bytes) @ 0x0000017e16f22e5c [0x0000017e16f22a00+0x000000000000045c]
J 555 c1 jdk.internal.loader.ClassLoaders$AppClassLoader.loadClass(Ljava/lang/String;Z)Ljava/lang/Class; java.base@17.0.10 (40 bytes) @ 0x0000017e16f78da4 [0x0000017e16f78c60+0x0000000000000144]
J 554 c1 java.lang.ClassLoader.loadClass(Ljava/lang/String;)Ljava/lang/Class; java.base@17.0.10 (7 bytes) @ 0x0000017e16f78964 [0x0000017e16f78920+0x0000000000000044]
v  ~StubRoutines::call_stub
j  org.springframework.context.annotation.AnnotationConfigUtils.registerAnnotationConfigProcessors(Lorg/springframework/beans/factory/support/BeanDefinitionRegistry;Ljava/lang/Object;)Ljava/util/Set;+30
j  org.springframework.context.annotation.AnnotationConfigUtils.registerAnnotationConfigProcessors(Lorg/springframework/beans/factory/support/BeanDefinitionRegistry;)V+2
j  org.springframework.context.annotation.AnnotatedBeanDefinitionReader.<init>(Lorg/springframework/beans/factory/support/BeanDefinitionRegistry;Lorg/springframework/core/env/Environment;)V+57
j  org.springframework.context.annotation.AnnotatedBeanDefinitionReader.<init>(Lorg/springframework/beans/factory/support/BeanDefinitionRegistry;)V+6
j  org.springframework.boot.web.servlet.context.AnnotationConfigServletWebServerApplicationContext.<init>()V+21
j  org.springframework.boot.web.servlet.context.ServletWebServerApplicationContextFactory.createContext()Lorg/springframework/context/ConfigurableApplicationContext;+10
j  org.springframework.boot.web.servlet.context.ServletWebServerApplicationContextFactory.create(Lorg/springframework/boot/WebApplicationType;)Lorg/springframework/context/ConfigurableApplicationContext;+12
j  org.springframework.boot.DefaultApplicationContextFactory$$Lambda$196+0x0000017e23115640.apply(Ljava/lang/Object;Ljava/lang/Object;)Ljava/lang/Object;+8
j  org.springframework.boot.DefaultApplicationContextFactory.getFromSpringFactories(Lorg/springframework/boot/WebApplicationType;Ljava/util/function/BiFunction;Ljava/util/function/Supplier;)Ljava/lang/Object;+45
j  org.springframework.boot.DefaultApplicationContextFactory.create(Lorg/springframework/boot/WebApplicationType;)Lorg/springframework/context/ConfigurableApplicationContext;+13
j  org.springframework.boot.SpringApplication.createApplicationContext()Lorg/springframework/context/ConfigurableApplicationContext;+8
j  org.springframework.boot.SpringApplication.run([Ljava/lang/String;)Lorg/springframework/context/ConfigurableApplicationContext;+76
j  org.springframework.boot.SpringApplication.run([Ljava/lang/Class;[Ljava/lang/String;)Lorg/springframework/context/ConfigurableApplicationContext;+9
j  org.springframework.boot.SpringApplication.run(Ljava/lang/Class;[Ljava/lang/String;)Lorg/springframework/context/ConfigurableApplicationContext;+9
j  com.websocket.server.WebsocketServerApplication.main([Ljava/lang/String;)V+3
v  ~StubRoutines::call_stub

---------------  P R O C E S S  ---------------

Threads class SMR info:
_java_thread_list=0x0000017e6739f730, length=12, elements={
0x0000017e0f4e8eb0, 0x0000017e21822580, 0x0000017e21823310, 0x0000017e218399a0,
0x0000017e2183c280, 0x0000017e2183cb50, 0x0000017e2183d830, 0x0000017e218416b0,
0x0000017e21849fe0, 0x0000017e21aa7960, 0x0000017e21aab2a0, 0x0000017e6738f100
}

Java Threads: ( => current thread )
=>0x0000017e0f4e8eb0 JavaThread "main" [_thread_in_vm, id=14600, stack(0x0000005853c00000,0x0000005853d00000)]
  0x0000017e21822580 JavaThread "Reference Handler" daemon [_thread_blocked, id=24464, stack(0x0000005854300000,0x0000005854400000)]
  0x0000017e21823310 JavaThread "Finalizer" daemon [_thread_blocked, id=30004, stack(0x0000005854400000,0x0000005854500000)]
  0x0000017e218399a0 JavaThread "Signal Dispatcher" daemon [_thread_blocked, id=14732, stack(0x0000005854500000,0x0000005854600000)]
  0x0000017e2183c280 JavaThread "Attach Listener" daemon [_thread_blocked, id=30976, stack(0x0000005854600000,0x0000005854700000)]
  0x0000017e2183cb50 JavaThread "Service Thread" daemon [_thread_blocked, id=34632, stack(0x0000005854700000,0x0000005854800000)]
  0x0000017e2183d830 JavaThread "Monitor Deflation Thread" daemon [_thread_blocked, id=9628, stack(0x0000005854800000,0x0000005854900000)]
  0x0000017e218416b0 JavaThread "C1 CompilerThread0" daemon [_thread_blocked, id=17976, stack(0x0000005854900000,0x0000005854a00000)]
  0x0000017e21849fe0 JavaThread "Sweeper thread" daemon [_thread_blocked, id=27428, stack(0x0000005854a00000,0x0000005854b00000)]
  0x0000017e21aa7960 JavaThread "Notification Thread" daemon [_thread_blocked, id=16180, stack(0x0000005854b00000,0x0000005854c00000)]
  0x0000017e21aab2a0 JavaThread "Common-Cleaner" daemon [_thread_blocked, id=30416, stack(0x0000005854d00000,0x0000005854e00000)]
  0x0000017e6738f100 JavaThread "background-preinit" [_thread_in_vm, id=14968, stack(0x0000005855300000,0x0000005855400000)]

Other Threads:
  0x0000017e2181d1a0 VMThread "VM Thread" [stack: 0x0000005854200000,0x0000005854300000] [id=11504]
  0x0000017e21aa7e40 WatcherThread [stack: 0x0000005854c00000,0x0000005854d00000] [id=33400]
  0x0000017e0f54c070 GCTaskThread "GC Thread#0" [stack: 0x0000005853d00000,0x0000005853e00000] [id=26536]
  0x0000017e6732aea0 GCTaskThread "GC Thread#1" [stack: 0x0000005854e00000,0x0000005854f00000] [id=34360]
  0x0000017e6732b160 GCTaskThread "GC Thread#2" [stack: 0x0000005854f00000,0x0000005855000000] [id=33872]
  0x0000017e6735c470 GCTaskThread "GC Thread#3" [stack: 0x0000005855000000,0x0000005855100000] [id=17136]
  0x0000017e6735e740 GCTaskThread "GC Thread#4" [stack: 0x0000005855100000,0x0000005855200000] [id=32692]
  0x0000017e6735ea00 GCTaskThread "GC Thread#5" [stack: 0x0000005855200000,0x0000005855300000] [id=26520]
  0x0000017e0f55fa80 ConcurrentGCThread "G1 Main Marker" [stack: 0x0000005853e00000,0x0000005853f00000] [id=16024]
  0x0000017e0f560b40 ConcurrentGCThread "G1 Conc#0" [stack: 0x0000005853f00000,0x0000005854000000] [id=34596]
  0x0000017e216d00a0 ConcurrentGCThread "G1 Refine#0" [stack: 0x0000005854000000,0x0000005854100000] [id=33260]
  0x0000017e216d08e0 ConcurrentGCThread "G1 Service" [stack: 0x0000005854100000,0x0000005854200000] [id=34724]

Threads with active compile tasks:

VM state: not at safepoint (normal execution)

VM Mutex/Monitor currently owned by a thread:  ([mutex/lock_event])
[0x0000017e0f4e4520] Metaspace_lock - owner thread: 0x0000017e0f4e8eb0

OutOfMemory and StackOverflow Exception counts:
OutOfMemoryError java_heap_errors=1
LinkageErrors=42

Heap address: 0x0000000082400000, size: 2012 MB, Compressed Oops mode: 32-bit

CDS archive(s) mapped at: [0x0000017e22000000-0x0000017e22bd0000-0x0000017e22bd0000), size 12386304, SharedBaseAddress: 0x0000017e22000000, ArchiveRelocationMode: 1.
Compressed class space mapped at: 0x0000017e23000000-0x0000017e63000000, reserved size: 1073741824
Narrow klass base: 0x0000017e22000000, Narrow klass shift: 0, Narrow klass range: 0x100000000

GC Precious Log:
 CPUs: 12 total, 12 available
 Memory: 8043M
 Large Page Support: Disabled
 NUMA Support: Disabled
 Compressed Oops: Enabled (32-bit)
 Heap Region Size: 1M
 Heap Min Capacity: 8M
 Heap Initial Capacity: 126M
 Heap Max Capacity: 2012M
 Pre-touch: Disabled
 Parallel Workers: 10
 Concurrent Workers: 3
 Concurrent Refinement Workers: 10
 Periodic GC: Disabled

Heap:
 garbage-first heap   total 129024K, used 13685K [0x0000000082400000, 0x0000000100000000)
  region size 1024K, 14 young (14336K), 3 survivors (3072K)
 Metaspace       used 8342K, committed 8576K, reserved 1114112K
  class space    used 1142K, committed 1280K, reserved 1048576K

Heap Regions: E=young(eden), S=young(survivor), O=old, HS=humongous(starts), HC=humongous(continues), CS=collection set, F=free, OA=open archive, CA=closed archive, TAMS=top-at-mark-start (previous, next)
|   0|0x0000000082400000, 0x0000000082500000, 0x0000000082500000|100%| O|  |TAMS 0x0000000082400000, 0x0000000082400000| Untracked 
|   1|0x0000000082500000, 0x000000008255d600, 0x0000000082600000| 36%| O|  |TAMS 0x0000000082500000, 0x0000000082500000| Untracked 
|   2|0x0000000082600000, 0x0000000082600000, 0x0000000082700000|  0%| F|  |TAMS 0x0000000082600000, 0x0000000082600000| Untracked 
|   3|0x0000000082700000, 0x0000000082700000, 0x0000000082800000|  0%| F|  |TAMS 0x0000000082700000, 0x0000000082700000| Untracked 
|   4|0x0000000082800000, 0x0000000082800000, 0x0000000082900000|  0%| F|  |TAMS 0x0000000082800000, 0x0000000082800000| Untracked 
|   5|0x0000000082900000, 0x0000000082900000, 0x0000000082a00000|  0%| F|  |TAMS 0x0000000082900000, 0x0000000082900000| Untracked 
|   6|0x0000000082a00000, 0x0000000082a00000, 0x0000000082b00000|  0%| F|  |TAMS 0x0000000082a00000, 0x0000000082a00000| Untracked 
|   7|0x0000000082b00000, 0x0000000082b00000, 0x0000000082c00000|  0%| F|  |TAMS 0x0000000082b00000, 0x0000000082b00000| Untracked 
|   8|0x0000000082c00000, 0x0000000082c00000, 0x0000000082d00000|  0%| F|  |TAMS 0x0000000082c00000, 0x0000000082c00000| Untracked 
|   9|0x0000000082d00000, 0x0000000082d00000, 0x0000000082e00000|  0%| F|  |TAMS 0x0000000082d00000, 0x0000000082d00000| Untracked 
|  10|0x0000000082e00000, 0x0000000082e00000, 0x0000000082f00000|  0%| F|  |TAMS 0x0000000082e00000, 0x0000000082e00000| Untracked 
|  11|0x0000000082f00000, 0x0000000082f00000, 0x0000000083000000|  0%| F|  |TAMS 0x0000000082f00000, 0x0000000082f00000| Untracked 
|  12|0x0000000083000000, 0x0000000083000000, 0x0000000083100000|  0%| F|  |TAMS 0x0000000083000000, 0x0000000083000000| Untracked 
|  13|0x0000000083100000, 0x0000000083100000, 0x0000000083200000|  0%| F|  |TAMS 0x0000000083100000, 0x0000000083100000| Untracked 
|  14|0x0000000083200000, 0x0000000083200000, 0x0000000083300000|  0%| F|  |TAMS 0x0000000083200000, 0x0000000083200000| Untracked 
|  15|0x0000000083300000, 0x0000000083300000, 0x0000000083400000|  0%| F|  |TAMS 0x0000000083300000, 0x0000000083300000| Untracked 
|  16|0x0000000083400000, 0x0000000083400000, 0x0000000083500000|  0%| F|  |TAMS 0x0000000083400000, 0x0000000083400000| Untracked 
|  17|0x0000000083500000, 0x0000000083500000, 0x0000000083600000|  0%| F|  |TAMS 0x0000000083500000, 0x0000000083500000| Untracked 
|  18|0x0000000083600000, 0x0000000083600000, 0x0000000083700000|  0%| F|  |TAMS 0x0000000083600000, 0x0000000083600000| Untracked 
|  19|0x0000000083700000, 0x0000000083700000, 0x0000000083800000|  0%| F|  |TAMS 0x0000000083700000, 0x0000000083700000| Untracked 
|  20|0x0000000083800000, 0x0000000083800000, 0x0000000083900000|  0%| F|  |TAMS 0x0000000083800000, 0x0000000083800000| Untracked 
|  21|0x0000000083900000, 0x0000000083900000, 0x0000000083a00000|  0%| F|  |TAMS 0x0000000083900000, 0x0000000083900000| Untracked 
|  22|0x0000000083a00000, 0x0000000083a00000, 0x0000000083b00000|  0%| F|  |TAMS 0x0000000083a00000, 0x0000000083a00000| Untracked 
|  23|0x0000000083b00000, 0x0000000083b00000, 0x0000000083c00000|  0%| F|  |TAMS 0x0000000083b00000, 0x0000000083b00000| Untracked 
|  24|0x0000000083c00000, 0x0000000083c00000, 0x0000000083d00000|  0%| F|  |TAMS 0x0000000083c00000, 0x0000000083c00000| Untracked 
|  25|0x0000000083d00000, 0x0000000083d00000, 0x0000000083e00000|  0%| F|  |TAMS 0x0000000083d00000, 0x0000000083d00000| Untracked 
|  26|0x0000000083e00000, 0x0000000083e00000, 0x0000000083f00000|  0%| F|  |TAMS 0x0000000083e00000, 0x0000000083e00000| Untracked 
|  27|0x0000000083f00000, 0x0000000083f00000, 0x0000000084000000|  0%| F|  |TAMS 0x0000000083f00000, 0x0000000083f00000| Untracked 
|  28|0x0000000084000000, 0x0000000084000000, 0x0000000084100000|  0%| F|  |TAMS 0x0000000084000000, 0x0000000084000000| Untracked 
|  29|0x0000000084100000, 0x0000000084100000, 0x0000000084200000|  0%| F|  |TAMS 0x0000000084100000, 0x0000000084100000| Untracked 
|  30|0x0000000084200000, 0x0000000084200000, 0x0000000084300000|  0%| F|  |TAMS 0x0000000084200000, 0x0000000084200000| Untracked 
|  31|0x0000000084300000, 0x0000000084300000, 0x0000000084400000|  0%| F|  |TAMS 0x0000000084300000, 0x0000000084300000| Untracked 
|  32|0x0000000084400000, 0x0000000084400000, 0x0000000084500000|  0%| F|  |TAMS 0x0000000084400000, 0x0000000084400000| Untracked 
|  33|0x0000000084500000, 0x0000000084500000, 0x0000000084600000|  0%| F|  |TAMS 0x0000000084500000, 0x0000000084500000| Untracked 
|  34|0x0000000084600000, 0x0000000084600000, 0x0000000084700000|  0%| F|  |TAMS 0x0000000084600000, 0x0000000084600000| Untracked 
|  35|0x0000000084700000, 0x0000000084700000, 0x0000000084800000|  0%| F|  |TAMS 0x0000000084700000, 0x0000000084700000| Untracked 
|  36|0x0000000084800000, 0x0000000084800000, 0x0000000084900000|  0%| F|  |TAMS 0x0000000084800000, 0x0000000084800000| Untracked 
|  37|0x0000000084900000, 0x0000000084900000, 0x0000000084a00000|  0%| F|  |TAMS 0x0000000084900000, 0x0000000084900000| Untracked 
|  38|0x0000000084a00000, 0x0000000084a00000, 0x0000000084b00000|  0%| F|  |TAMS 0x0000000084a00000, 0x0000000084a00000| Untracked 
|  39|0x0000000084b00000, 0x0000000084b00000, 0x0000000084c00000|  0%| F|  |TAMS 0x0000000084b00000, 0x0000000084b00000| Untracked 
|  40|0x0000000084c00000, 0x0000000084c00000, 0x0000000084d00000|  0%| F|  |TAMS 0x0000000084c00000, 0x0000000084c00000| Untracked 
|  41|0x0000000084d00000, 0x0000000084d00000, 0x0000000084e00000|  0%| F|  |TAMS 0x0000000084d00000, 0x0000000084d00000| Untracked 
|  42|0x0000000084e00000, 0x0000000084e00000, 0x0000000084f00000|  0%| F|  |TAMS 0x0000000084e00000, 0x0000000084e00000| Untracked 
|  43|0x0000000084f00000, 0x0000000084f00000, 0x0000000085000000|  0%| F|  |TAMS 0x0000000084f00000, 0x0000000084f00000| Untracked 
|  44|0x0000000085000000, 0x0000000085000000, 0x0000000085100000|  0%| F|  |TAMS 0x0000000085000000, 0x0000000085000000| Untracked 
|  45|0x0000000085100000, 0x0000000085100000, 0x0000000085200000|  0%| F|  |TAMS 0x0000000085100000, 0x0000000085100000| Untracked 
|  46|0x0000000085200000, 0x0000000085200000, 0x0000000085300000|  0%| F|  |TAMS 0x0000000085200000, 0x0000000085200000| Untracked 
|  47|0x0000000085300000, 0x0000000085300000, 0x0000000085400000|  0%| F|  |TAMS 0x0000000085300000, 0x0000000085300000| Untracked 
|  48|0x0000000085400000, 0x0000000085400000, 0x0000000085500000|  0%| F|  |TAMS 0x0000000085400000, 0x0000000085400000| Untracked 
|  49|0x0000000085500000, 0x0000000085500000, 0x0000000085600000|  0%| F|  |TAMS 0x0000000085500000, 0x0000000085500000| Untracked 
|  50|0x0000000085600000, 0x0000000085600000, 0x0000000085700000|  0%| F|  |TAMS 0x0000000085600000, 0x0000000085600000| Untracked 
|  51|0x0000000085700000, 0x0000000085700000, 0x0000000085800000|  0%| F|  |TAMS 0x0000000085700000, 0x0000000085700000| Untracked 
|  52|0x0000000085800000, 0x0000000085800000, 0x0000000085900000|  0%| F|  |TAMS 0x0000000085800000, 0x0000000085800000| Untracked 
|  53|0x0000000085900000, 0x0000000085900000, 0x0000000085a00000|  0%| F|  |TAMS 0x0000000085900000, 0x0000000085900000| Untracked 
|  54|0x0000000085a00000, 0x0000000085a00000, 0x0000000085b00000|  0%| F|  |TAMS 0x0000000085a00000, 0x0000000085a00000| Untracked 
|  55|0x0000000085b00000, 0x0000000085b00000, 0x0000000085c00000|  0%| F|  |TAMS 0x0000000085b00000, 0x0000000085b00000| Untracked 
|  56|0x0000000085c00000, 0x0000000085c00000, 0x0000000085d00000|  0%| F|  |TAMS 0x0000000085c00000, 0x0000000085c00000| Untracked 
|  57|0x0000000085d00000, 0x0000000085d00000, 0x0000000085e00000|  0%| F|  |TAMS 0x0000000085d00000, 0x0000000085d00000| Untracked 
|  58|0x0000000085e00000, 0x0000000085e00000, 0x0000000085f00000|  0%| F|  |TAMS 0x0000000085e00000, 0x0000000085e00000| Untracked 
|  59|0x0000000085f00000, 0x0000000085f00000, 0x0000000086000000|  0%| F|  |TAMS 0x0000000085f00000, 0x0000000085f00000| Untracked 
|  60|0x0000000086000000, 0x0000000086000000, 0x0000000086100000|  0%| F|  |TAMS 0x0000000086000000, 0x0000000086000000| Untracked 
|  61|0x0000000086100000, 0x0000000086100000, 0x0000000086200000|  0%| F|  |TAMS 0x0000000086100000, 0x0000000086100000| Untracked 
|  62|0x0000000086200000, 0x0000000086200000, 0x0000000086300000|  0%| F|  |TAMS 0x0000000086200000, 0x0000000086200000| Untracked 
|  63|0x0000000086300000, 0x0000000086300000, 0x0000000086400000|  0%| F|  |TAMS 0x0000000086300000, 0x0000000086300000| Untracked 
|  64|0x0000000086400000, 0x0000000086400000, 0x0000000086500000|  0%| F|  |TAMS 0x0000000086400000, 0x0000000086400000| Untracked 
|  65|0x0000000086500000, 0x0000000086500000, 0x0000000086600000|  0%| F|  |TAMS 0x0000000086500000, 0x0000000086500000| Untracked 
|  66|0x0000000086600000, 0x0000000086600000, 0x0000000086700000|  0%| F|  |TAMS 0x0000000086600000, 0x0000000086600000| Untracked 
|  67|0x0000000086700000, 0x0000000086700000, 0x0000000086800000|  0%| F|  |TAMS 0x0000000086700000, 0x0000000086700000| Untracked 
|  68|0x0000000086800000, 0x0000000086800000, 0x0000000086900000|  0%| F|  |TAMS 0x0000000086800000, 0x0000000086800000| Untracked 
|  69|0x0000000086900000, 0x0000000086900000, 0x0000000086a00000|  0%| F|  |TAMS 0x0000000086900000, 0x0000000086900000| Untracked 
|  70|0x0000000086a00000, 0x0000000086a00000, 0x0000000086b00000|  0%| F|  |TAMS 0x0000000086a00000, 0x0000000086a00000| Untracked 
|  71|0x0000000086b00000, 0x0000000086b00000, 0x0000000086c00000|  0%| F|  |TAMS 0x0000000086b00000, 0x0000000086b00000| Untracked 
|  72|0x0000000086c00000, 0x0000000086c00000, 0x0000000086d00000|  0%| F|  |TAMS 0x0000000086c00000, 0x0000000086c00000| Untracked 
|  73|0x0000000086d00000, 0x0000000086d00000, 0x0000000086e00000|  0%| F|  |TAMS 0x0000000086d00000, 0x0000000086d00000| Untracked 
|  74|0x0000000086e00000, 0x0000000086e00000, 0x0000000086f00000|  0%| F|  |TAMS 0x0000000086e00000, 0x0000000086e00000| Untracked 
|  75|0x0000000086f00000, 0x0000000086f00000, 0x0000000087000000|  0%| F|  |TAMS 0x0000000086f00000, 0x0000000086f00000| Untracked 
|  76|0x0000000087000000, 0x0000000087000000, 0x0000000087100000|  0%| F|  |TAMS 0x0000000087000000, 0x0000000087000000| Untracked 
|  77|0x0000000087100000, 0x0000000087100000, 0x0000000087200000|  0%| F|  |TAMS 0x0000000087100000, 0x0000000087100000| Untracked 
|  78|0x0000000087200000, 0x0000000087200000, 0x0000000087300000|  0%| F|  |TAMS 0x0000000087200000, 0x0000000087200000| Untracked 
|  79|0x0000000087300000, 0x0000000087300000, 0x0000000087400000|  0%| F|  |TAMS 0x0000000087300000, 0x0000000087300000| Untracked 
|  80|0x0000000087400000, 0x0000000087400000, 0x0000000087500000|  0%| F|  |TAMS 0x0000000087400000, 0x0000000087400000| Untracked 
|  81|0x0000000087500000, 0x0000000087500000, 0x0000000087600000|  0%| F|  |TAMS 0x0000000087500000, 0x0000000087500000| Untracked 
|  82|0x0000000087600000, 0x0000000087600000, 0x0000000087700000|  0%| F|  |TAMS 0x0000000087600000, 0x0000000087600000| Untracked 
|  83|0x0000000087700000, 0x0000000087700000, 0x0000000087800000|  0%| F|  |TAMS 0x0000000087700000, 0x0000000087700000| Untracked 
|  84|0x0000000087800000, 0x0000000087800000, 0x0000000087900000|  0%| F|  |TAMS 0x0000000087800000, 0x0000000087800000| Untracked 
|  85|0x0000000087900000, 0x0000000087900000, 0x0000000087a00000|  0%| F|  |TAMS 0x0000000087900000, 0x0000000087900000| Untracked 
|  86|0x0000000087a00000, 0x0000000087a00000, 0x0000000087b00000|  0%| F|  |TAMS 0x0000000087a00000, 0x0000000087a00000| Untracked 
|  87|0x0000000087b00000, 0x0000000087b00000, 0x0000000087c00000|  0%| F|  |TAMS 0x0000000087b00000, 0x0000000087b00000| Untracked 
|  88|0x0000000087c00000, 0x0000000087c00000, 0x0000000087d00000|  0%| F|  |TAMS 0x0000000087c00000, 0x0000000087c00000| Untracked 
|  89|0x0000000087d00000, 0x0000000087d00000, 0x0000000087e00000|  0%| F|  |TAMS 0x0000000087d00000, 0x0000000087d00000| Untracked 
|  90|0x0000000087e00000, 0x0000000087e00000, 0x0000000087f00000|  0%| F|  |TAMS 0x0000000087e00000, 0x0000000087e00000| Untracked 
|  91|0x0000000087f00000, 0x0000000087f00000, 0x0000000088000000|  0%| F|  |TAMS 0x0000000087f00000, 0x0000000087f00000| Untracked 
|  92|0x0000000088000000, 0x0000000088000000, 0x0000000088100000|  0%| F|  |TAMS 0x0000000088000000, 0x0000000088000000| Untracked 
|  93|0x0000000088100000, 0x0000000088100000, 0x0000000088200000|  0%| F|  |TAMS 0x0000000088100000, 0x0000000088100000| Untracked 
|  94|0x0000000088200000, 0x0000000088200000, 0x0000000088300000|  0%| F|  |TAMS 0x0000000088200000, 0x0000000088200000| Untracked 
|  95|0x0000000088300000, 0x0000000088300000, 0x0000000088400000|  0%| F|  |TAMS 0x0000000088300000, 0x0000000088300000| Untracked 
|  96|0x0000000088400000, 0x0000000088400000, 0x0000000088500000|  0%| F|  |TAMS 0x0000000088400000, 0x0000000088400000| Untracked 
|  97|0x0000000088500000, 0x0000000088500000, 0x0000000088600000|  0%| F|  |TAMS 0x0000000088500000, 0x0000000088500000| Untracked 
|  98|0x0000000088600000, 0x0000000088600000, 0x0000000088700000|  0%| F|  |TAMS 0x0000000088600000, 0x0000000088600000| Untracked 
|  99|0x0000000088700000, 0x0000000088700000, 0x0000000088800000|  0%| F|  |TAMS 0x0000000088700000, 0x0000000088700000| Untracked 
| 100|0x0000000088800000, 0x0000000088900000, 0x0000000088900000|100%| S|CS|TAMS 0x0000000088800000, 0x0000000088800000| Complete 
| 101|0x0000000088900000, 0x0000000088a00000, 0x0000000088a00000|100%| S|CS|TAMS 0x0000000088900000, 0x0000000088900000| Complete 
| 102|0x0000000088a00000, 0x0000000088b00000, 0x0000000088b00000|100%| S|CS|TAMS 0x0000000088a00000, 0x0000000088a00000| Complete 
| 103|0x0000000088b00000, 0x0000000088b00000, 0x0000000088c00000|  0%| F|  |TAMS 0x0000000088b00000, 0x0000000088b00000| Untracked 
| 104|0x0000000088c00000, 0x0000000088c00000, 0x0000000088d00000|  0%| F|  |TAMS 0x0000000088c00000, 0x0000000088c00000| Untracked 
| 105|0x0000000088d00000, 0x0000000088d00000, 0x0000000088e00000|  0%| F|  |TAMS 0x0000000088d00000, 0x0000000088d00000| Untracked 
| 106|0x0000000088e00000, 0x0000000088e00000, 0x0000000088f00000|  0%| F|  |TAMS 0x0000000088e00000, 0x0000000088e00000| Untracked 
| 107|0x0000000088f00000, 0x0000000088f00000, 0x0000000089000000|  0%| F|  |TAMS 0x0000000088f00000, 0x0000000088f00000| Untracked 
| 108|0x0000000089000000, 0x0000000089000000, 0x0000000089100000|  0%| F|  |TAMS 0x0000000089000000, 0x0000000089000000| Untracked 
| 109|0x0000000089100000, 0x0000000089100000, 0x0000000089200000|  0%| F|  |TAMS 0x0000000089100000, 0x0000000089100000| Untracked 
| 110|0x0000000089200000, 0x0000000089200000, 0x0000000089300000|  0%| F|  |TAMS 0x0000000089200000, 0x0000000089200000| Untracked 
| 111|0x0000000089300000, 0x0000000089300000, 0x0000000089400000|  0%| F|  |TAMS 0x0000000089300000, 0x0000000089300000| Untracked 
| 112|0x0000000089400000, 0x0000000089400000, 0x0000000089500000|  0%| F|  |TAMS 0x0000000089400000, 0x0000000089400000| Untracked 
| 113|0x0000000089500000, 0x0000000089500000, 0x0000000089600000|  0%| F|  |TAMS 0x0000000089500000, 0x0000000089500000| Untracked 
| 114|0x0000000089600000, 0x0000000089600000, 0x0000000089700000|  0%| F|  |TAMS 0x0000000089600000, 0x0000000089600000| Untracked 
| 115|0x0000000089700000, 0x0000000089800000, 0x0000000089800000|100%| E|  |TAMS 0x0000000089700000, 0x0000000089700000| Complete 
| 116|0x0000000089800000, 0x0000000089900000, 0x0000000089900000|100%| E|CS|TAMS 0x0000000089800000, 0x0000000089800000| Complete 
| 117|0x0000000089900000, 0x0000000089a00000, 0x0000000089a00000|100%| E|CS|TAMS 0x0000000089900000, 0x0000000089900000| Complete 
| 118|0x0000000089a00000, 0x0000000089b00000, 0x0000000089b00000|100%| E|CS|TAMS 0x0000000089a00000, 0x0000000089a00000| Complete 
| 119|0x0000000089b00000, 0x0000000089c00000, 0x0000000089c00000|100%| E|CS|TAMS 0x0000000089b00000, 0x0000000089b00000| Complete 
| 120|0x0000000089c00000, 0x0000000089d00000, 0x0000000089d00000|100%| E|  |TAMS 0x0000000089c00000, 0x0000000089c00000| Complete 
| 121|0x0000000089d00000, 0x0000000089e00000, 0x0000000089e00000|100%| E|CS|TAMS 0x0000000089d00000, 0x0000000089d00000| Complete 
| 122|0x0000000089e00000, 0x0000000089f00000, 0x0000000089f00000|100%| E|CS|TAMS 0x0000000089e00000, 0x0000000089e00000| Complete 
| 123|0x0000000089f00000, 0x000000008a000000, 0x000000008a000000|100%| E|CS|TAMS 0x0000000089f00000, 0x0000000089f00000| Complete 
| 124|0x000000008a000000, 0x000000008a100000, 0x000000008a100000|100%| E|CS|TAMS 0x000000008a000000, 0x000000008a000000| Complete 
| 125|0x000000008a100000, 0x000000008a200000, 0x000000008a200000|100%| E|CS|TAMS 0x000000008a100000, 0x000000008a100000| Complete 

Card table byte_map: [0x0000017e1a4c0000,0x0000017e1a8b0000] _byte_map_base: 0x0000017e1a0ae000

Marking Bits (Prev, Next): (CMBitMap*) 0x0000017e0f54e5c0, (CMBitMap*) 0x0000017e0f54e600
 Prev Bits: [0x0000017e1aca0000, 0x0000017e1cc10000)
 Next Bits: [0x0000017e1cc10000, 0x0000017e1eb80000)

Polling page: 0x0000017e0d320000

Metaspace:

Usage:
  Non-class:      7.03 MB used.
      Class:      1.12 MB used.
       Both:      8.15 MB used.

Virtual space:
  Non-class space:       64.00 MB reserved,       7.12 MB ( 11%) committed,  1 nodes.
      Class space:        1.00 GB reserved,       1.25 MB ( <1%) committed,  1 nodes.
             Both:        1.06 GB reserved,       8.38 MB ( <1%) committed. 

Chunk freelists:
   Non-Class:  6.86 MB
       Class:  14.73 MB
        Both:  21.59 MB

MaxMetaspaceSize: unlimited
CompressedClassSpaceSize: 1.00 GB
Initial GC threshold: 21.00 MB
Current GC threshold: 21.00 MB
CDS: on
MetaspaceReclaimPolicy: balanced
 - commit_granule_bytes: 65536.
 - commit_granule_words: 8192.
 - virtual_space_node_default_size: 8388608.
 - enlarge_chunks_in_place: 1.
 - new_chunks_are_fully_committed: 0.
 - uncommit_free_chunks: 1.
 - use_allocation_guard: 0.
 - handle_deallocations: 1.


Internal statistics:

num_allocs_failed_limit: 0.
num_arena_births: 178.
num_arena_deaths: 0.
num_vsnodes_births: 2.
num_vsnodes_deaths: 0.
num_space_committed: 134.
num_space_uncommitted: 0.
num_chunks_returned_to_freelist: 0.
num_chunks_taken_from_freelist: 481.
num_chunk_merges: 0.
num_chunk_splits: 314.
num_chunks_enlarged: 232.
num_inconsistent_stats: 0.

CodeCache: size=49152Kb used=3144Kb max_used=3144Kb free=46007Kb
 bounds [0x0000017e16da0000, 0x0000017e170c0000, 0x0000017e19da0000]
 total_blobs=1840 nmethods=1411 adapters=356
 compilation: enabled
              stopped_count=0, restarted_count=0
 full_count=0

Compilation events (20 events):
Event: 1.080 Thread 0x0000017e218416b0 1400       1       java.lang.module.ModuleDescriptor$Version::toString (5 bytes)
Event: 1.080 Thread 0x0000017e218416b0 nmethod 1400 0x0000017e170af390 code [0x0000017e170af520, 0x0000017e170af5f8]
Event: 1.080 Thread 0x0000017e218416b0 1402       1       java.util.ImmutableCollections$Set12::hashCode (30 bytes)
Event: 1.080 Thread 0x0000017e218416b0 nmethod 1402 0x0000017e170af690 code [0x0000017e170af840, 0x0000017e170af998]
Event: 1.080 Thread 0x0000017e218416b0 1406       1       java.net.URI::hash (33 bytes)
Event: 1.081 Thread 0x0000017e218416b0 nmethod 1406 0x0000017e170afa10 code [0x0000017e170afbe0, 0x0000017e170afdb8]
Event: 1.081 Thread 0x0000017e218416b0 1407       1       java.net.URI::toLower (19 bytes)
Event: 1.081 Thread 0x0000017e218416b0 nmethod 1407 0x0000017e170aff10 code [0x0000017e170b00a0, 0x0000017e170b0198]
Event: 1.081 Thread 0x0000017e218416b0 1405       1       jdk.internal.module.Builder::newRequires (7 bytes)
Event: 1.081 Thread 0x0000017e218416b0 nmethod 1405 0x0000017e170b0210 code [0x0000017e170b03a0, 0x0000017e170b0468]
Event: 1.081 Thread 0x0000017e218416b0 1403       1       jdk.internal.module.Builder::newExports (12 bytes)
Event: 1.081 Thread 0x0000017e218416b0 nmethod 1403 0x0000017e170b0510 code [0x0000017e170b06a0, 0x0000017e170b08b8]
Event: 1.081 Thread 0x0000017e218416b0 1404       1       java.lang.module.ModuleDescriptor$1::newExports (12 bytes)
Event: 1.081 Thread 0x0000017e218416b0 nmethod 1404 0x0000017e170b0990 code [0x0000017e170b0b20, 0x0000017e170b0d58]
Event: 1.081 Thread 0x0000017e218416b0 1408       1       jdk.internal.module.ModuleReferenceImpl::equals (62 bytes)
Event: 1.082 Thread 0x0000017e218416b0 nmethod 1408 0x0000017e170b0e10 code [0x0000017e170b0fc0, 0x0000017e170b12b8]
Event: 1.082 Thread 0x0000017e218416b0 1409       1       java.lang.Module::implIsExportedOrOpen (92 bytes)
Event: 1.082 Thread 0x0000017e218416b0 nmethod 1409 0x0000017e170b1410 code [0x0000017e170b1600, 0x0000017e170b18f8]
Event: 1.082 Thread 0x0000017e218416b0 1410       1       java.lang.invoke.LambdaFormEditor$Transform::equals (32 bytes)
Event: 1.082 Thread 0x0000017e218416b0 nmethod 1410 0x0000017e170b1a10 code [0x0000017e170b1ba0, 0x0000017e170b1cc8]

GC Heap History (2 events):
Event: 0.910 GC heap before
{Heap before GC invocations=0 (full 0):
 garbage-first heap   total 129024K, used 23552K [0x0000000082400000, 0x0000000100000000)
  region size 1024K, 23 young (23552K), 0 survivors (0K)
 Metaspace       used 5897K, committed 6144K, reserved 1114112K
  class space    used 829K, committed 960K, reserved 1048576K
}
Event: 0.918 GC heap after
{Heap after GC invocations=1 (full 0):
 garbage-first heap   total 129024K, used 4469K [0x0000000082400000, 0x0000000100000000)
  region size 1024K, 3 young (3072K), 3 survivors (3072K)
 Metaspace       used 5897K, committed 6144K, reserved 1114112K
  class space    used 829K, committed 960K, reserved 1048576K
}

Deoptimization events (0 events):
No events

Classes unloaded (0 events):
No events

Classes redefined (0 events):
No events

Internal exceptions (20 events):
Event: 0.819 Thread 0x0000017e0f4e8eb0 Exception <a 'java/lang/NoSuchMethodError'{0x0000000088d44ff8}: 'java.lang.Object java.lang.invoke.DirectMethodHandle$Holder.invokeSpecial(java.lang.Object, java.lang.Object, java.lang.Object, java.lang.Object, java.lang.Object, java.lang.Object, java.lang.Object, int)'> (0x0000000088d44ff8) 
thrown [s\open\src\hotspot\share\interpreter\linkResolver.cpp, line 759]
Event: 0.853 Thread 0x0000017e0f4e8eb0 Exception <a 'java/lang/NoSuchMethodError'{0x0000000088c720e0}: 'int java.lang.invoke.DirectMethodHandle$Holder.invokeInterface(java.lang.Object, java.lang.Object)'> (0x0000000088c720e0) 
thrown [s\open\src\hotspot\share\interpreter\linkResolver.cpp, line 759]
Event: 0.859 Thread 0x0000017e0f4e8eb0 Exception <a 'java/lang/NoSuchMethodError'{0x0000000088c99810}: 'void java.lang.invoke.DirectMethodHandle$Holder.invokeSpecial(java.lang.Object, java.lang.Object, java.lang.Object, java.lang.Object, java.lang.Object)'> (0x0000000088c99810) 
thrown [s\open\src\hotspot\share\interpreter\linkResolver.cpp, line 759]
Event: 0.895 Thread 0x0000017e0f4e8eb0 Exception <a 'java/lang/NoSuchMethodError'{0x0000000088b7cb98}: 'java.lang.Object java.lang.invoke.DirectMethodHandle$Holder.invokeSpecial(java.lang.Object, java.lang.Object, java.lang.Object, int, java.lang.Object)'> (0x0000000088b7cb98) 
thrown [s\open\src\hotspot\share\interpreter\linkResolver.cpp, line 759]
Event: 0.896 Thread 0x0000017e0f4e8eb0 Exception <a 'java/lang/NoSuchMethodError'{0x0000000088b88168}: 'java.lang.Object java.lang.invoke.DirectMethodHandle$Holder.newInvokeSpecial(java.lang.Object, java.lang.Object, java.lang.Object, int, java.lang.Object)'> (0x0000000088b88168) 
thrown [s\open\src\hotspot\share\interpreter\linkResolver.cpp, line 759]
Event: 0.897 Thread 0x0000017e0f4e8eb0 Exception <a 'java/lang/NoSuchMethodError'{0x0000000088b8fb38}: 'java.lang.Object java.lang.invoke.Invokers$Holder.linkToTargetMethod(java.lang.Object, java.lang.Object, int, java.lang.Object, java.lang.Object)'> (0x0000000088b8fb38) 
thrown [s\open\src\hotspot\share\interpreter\linkResolver.cpp, line 759]
Event: 0.899 Thread 0x0000017e0f4e8eb0 Exception <a 'java/lang/NoSuchMethodError'{0x0000000088b9e780}: 'java.lang.Object java.lang.invoke.DirectMethodHandle$Holder.newInvokeSpecial(java.lang.Object, int, java.lang.Object)'> (0x0000000088b9e780) 
thrown [s\open\src\hotspot\share\interpreter\linkResolver.cpp, line 759]
Event: 0.899 Thread 0x0000017e0f4e8eb0 Exception <a 'java/lang/NoSuchMethodError'{0x0000000088ba3460}: 'int java.lang.invoke.DirectMethodHandle$Holder.invokeSpecialIFC(java.lang.Object, java.lang.Object, java.lang.Object, java.lang.Object)'> (0x0000000088ba3460) 
thrown [s\open\src\hotspot\share\interpreter\linkResolver.cpp, line 759]
Event: 0.944 Thread 0x0000017e0f4e8eb0 Exception <a 'java/lang/NoSuchMethodError'{0x000000008a175050}: 'void java.lang.invoke.DirectMethodHandle$Holder.invokeInterface(java.lang.Object, java.lang.Object, java.lang.Object)'> (0x000000008a175050) 
thrown [s\open\src\hotspot\share\interpreter\linkResolver.cpp, line 759]
Event: 0.974 Thread 0x0000017e0f4e8eb0 Exception <a 'java/lang/NoSuchMethodError'{0x000000008a04a170}: 'void java.lang.invoke.DirectMethodHandle$Holder.invokeStaticInit(java.lang.Object, java.lang.Object, java.lang.Object)'> (0x000000008a04a170) 
thrown [s\open\src\hotspot\share\interpreter\linkResolver.cpp, line 759]
Event: 0.979 Thread 0x0000017e0f4e8eb0 Exception <a 'java/lang/NoSuchMethodError'{0x000000008a066498}: 'java.lang.Object java.lang.invoke.DirectMethodHandle$Holder.invokeVirtual(java.lang.Object, java.lang.Object, java.lang.Object)'> (0x000000008a066498) 
thrown [s\open\src\hotspot\share\interpreter\linkResolver.cpp, line 759]
Event: 0.984 Thread 0x0000017e0f4e8eb0 Exception <a 'java/lang/NoSuchMethodError'{0x000000008a0889e8}: 'java.lang.Object java.lang.invoke.DirectMethodHandle$Holder.invokeStatic(java.lang.Object, java.lang.Object, long, java.lang.Object)'> (0x000000008a0889e8) 
thrown [s\open\src\hotspot\share\interpreter\linkResolver.cpp, line 759]
Event: 0.984 Thread 0x0000017e0f4e8eb0 Exception <a 'java/lang/NoSuchMethodError'{0x000000008a08c480}: 'java.lang.Object java.lang.invoke.DirectMethodHandle$Holder.invokeStaticInit(java.lang.Object, java.lang.Object, long, java.lang.Object)'> (0x000000008a08c480) 
thrown [s\open\src\hotspot\share\interpreter\linkResolver.cpp, line 759]
Event: 0.985 Thread 0x0000017e0f4e8eb0 Exception <a 'java/lang/NoSuchMethodError'{0x000000008a092c00}: 'java.lang.Object java.lang.invoke.DirectMethodHandle$Holder.newInvokeSpecial(java.lang.Object, java.lang.Object, long)'> (0x000000008a092c00) 
thrown [s\open\src\hotspot\share\interpreter\linkResolver.cpp, line 759]
Event: 0.985 Thread 0x0000017e0f4e8eb0 Exception <a 'java/lang/NoSuchMethodError'{0x000000008a096770}: 'java.lang.Object java.lang.invoke.Invokers$Holder.linkToTargetMethod(java.lang.Object, long, java.lang.Object)'> (0x000000008a096770) 
thrown [s\open\src\hotspot\share\interpreter\linkResolver.cpp, line 759]
Event: 1.001 Thread 0x0000017e0f4e8eb0 Exception <a 'java/lang/NoSuchMethodError'{0x000000008a0f4908}: 'void java.lang.invoke.DirectMethodHandle$Holder.invokeVirtual(java.lang.Object, java.lang.Object, java.lang.Object, java.lang.Object)'> (0x000000008a0f4908) 
thrown [s\open\src\hotspot\share\interpreter\linkResolver.cpp, line 759]
Event: 1.043 Thread 0x0000017e0f4e8eb0 Exception <a 'java/lang/NoSuchMethodError'{0x0000000089e4ba08}: 'void java.lang.invoke.DirectMethodHandle$Holder.invokeSpecial(java.lang.Object, java.lang.Object, java.lang.Object)'> (0x0000000089e4ba08) 
thrown [s\open\src\hotspot\share\interpreter\linkResolver.cpp, line 759]
Event: 1.049 Thread 0x0000017e0f4e8eb0 Exception <a 'java/lang/IncompatibleClassChangeError'{0x0000000089e7c360}: Found class java.lang.Object, but interface was expected> (0x0000000089e7c360) 
thrown [s\open\src\hotspot\share\interpreter\linkResolver.cpp, line 826]
Event: 1.050 Thread 0x0000017e6738f100 Exception <a 'java/lang/NoClassDefFoundError'{0x0000000089e97030}: jakarta/validation/Validation> (0x0000000089e97030) 
thrown [s\open\src\hotspot\share\classfile\systemDictionary.cpp, line 245]
Event: 1.105 Thread 0x0000017e6738f100 Exception <a 'java/lang/OutOfMemoryError'{0x0000000089af9b68}> (0x0000000089af9b68) 
thrown [s\open\src\hotspot\share\prims\jni.cpp, line 535]

VM Operations (14 events):
Event: 0.131 Executing VM operation: HandshakeAllThreads
Event: 0.131 Executing VM operation: HandshakeAllThreads done
Event: 0.251 Executing VM operation: HandshakeAllThreads
Event: 0.251 Executing VM operation: HandshakeAllThreads done
Event: 0.401 Executing VM operation: HandshakeAllThreads
Event: 0.401 Executing VM operation: HandshakeAllThreads done
Event: 0.644 Executing VM operation: HandshakeAllThreads
Event: 0.644 Executing VM operation: HandshakeAllThreads done
Event: 0.870 Executing VM operation: HandshakeAllThreads
Event: 0.870 Executing VM operation: HandshakeAllThreads done
Event: 0.910 Executing VM operation: G1CollectForAllocation
Event: 0.918 Executing VM operation: G1CollectForAllocation done
Event: 1.041 Executing VM operation: HandshakeAllThreads
Event: 1.041 Executing VM operation: HandshakeAllThreads done

Events (20 events):
Event: 1.053 loading class sun/nio/cs/IBM850
Event: 1.053 loading class sun/nio/cs/IBM850 done
Event: 1.053 loading class java/io/Console$2
Event: 1.053 loading class jdk/internal/access/JavaIOAccess
Event: 1.053 loading class jdk/internal/access/JavaIOAccess done
Event: 1.054 loading class java/io/Console$2 done
Event: 1.064 loading class java/lang/StrictMath
Event: 1.064 loading class java/lang/StrictMath done
Event: 1.078 loading class java/nio/file/FileSystemNotFoundException
Event: 1.078 loading class java/nio/file/FileSystemNotFoundException done
Event: 1.078 loading class java/util/zip/ZipException
Event: 1.078 loading class java/util/zip/ZipException done
Event: 1.078 loading class sun/nio/fs/ExtendedFileSystemProvider
Event: 1.079 loading class sun/nio/fs/ExtendedFileSystemProvider done
Event: 1.111 loading class java/io/NotSerializableException
Event: 1.111 loading class java/io/ObjectStreamException
Event: 1.111 loading class java/io/ObjectStreamException done
Event: 1.111 loading class java/io/NotSerializableException done
Event: 1.122 loading class java/util/RegularEnumSet$EnumSetIterator
Event: 1.122 loading class java/util/RegularEnumSet$EnumSetIterator done


Dynamic libraries:
0x00007ff633140000 - 0x00007ff633150000 	C:\Program Files\Java\jdk-17\bin\java.exe
0x00007ffd7acf0000 - 0x00007ffd7aee8000 	C:\WINDOWS\SYSTEM32\ntdll.dll
0x00007ffd79f30000 - 0x00007ffd79ff1000 	C:\WINDOWS\System32\KERNEL32.DLL
0x00007ffd78990000 - 0x00007ffd78c86000 	C:\WINDOWS\System32\KERNELBASE.dll
0x00007ffd78750000 - 0x00007ffd78850000 	C:\WINDOWS\System32\ucrtbase.dll
0x00007ffd635b0000 - 0x00007ffd635cb000 	C:\Program Files\Java\jdk-17\bin\VCRUNTIME140.dll
0x00007ffd63660000 - 0x00007ffd63679000 	C:\Program Files\Java\jdk-17\bin\jli.dll
0x00007ffd78f00000 - 0x00007ffd78fb0000 	C:\WINDOWS\System32\ADVAPI32.dll
0x00007ffd799f0000 - 0x00007ffd79a8e000 	C:\WINDOWS\System32\msvcrt.dll
0x00007ffd7a1b0000 - 0x00007ffd7a250000 	C:\WINDOWS\System32\sechost.dll
0x00007ffd79310000 - 0x00007ffd79433000 	C:\WINDOWS\System32\RPCRT4.dll
0x00007ffd783a0000 - 0x00007ffd783c7000 	C:\WINDOWS\System32\bcrypt.dll
0x00007ffd794b0000 - 0x00007ffd7964f000 	C:\WINDOWS\System32\USER32.dll
0x00007ffd69490000 - 0x00007ffd6972a000 	C:\WINDOWS\WinSxS\amd64_microsoft.windows.common-controls_6595b64144ccf1df_6.0.19041.4355_none_60b8b9eb71f62e16\COMCTL32.dll
0x00007ffd78850000 - 0x00007ffd78872000 	C:\WINDOWS\System32\win32u.dll
0x00007ffd79a90000 - 0x00007ffd79abb000 	C:\WINDOWS\System32\GDI32.dll
0x00007ffd78630000 - 0x00007ffd78747000 	C:\WINDOWS\System32\gdi32full.dll
0x00007ffd78880000 - 0x00007ffd7891d000 	C:\WINDOWS\System32\msvcp_win.dll
0x00007ffd71900000 - 0x00007ffd7190a000 	C:\WINDOWS\SYSTEM32\VERSION.dll
0x00007ffd7ab40000 - 0x00007ffd7ab6f000 	C:\WINDOWS\System32\IMM32.DLL
0x00007ffd6d0a0000 - 0x00007ffd6d0ac000 	C:\Program Files\Java\jdk-17\bin\vcruntime140_1.dll
0x00007ffcf1520000 - 0x00007ffcf15ae000 	C:\Program Files\Java\jdk-17\bin\msvcp140.dll
0x00007ffceed10000 - 0x00007ffcef8ef000 	C:\Program Files\Java\jdk-17\bin\server\jvm.dll
0x00007ffd7ab30000 - 0x00007ffd7ab38000 	C:\WINDOWS\System32\PSAPI.DLL
0x00007ffd5e4f0000 - 0x00007ffd5e4f9000 	C:\WINDOWS\SYSTEM32\WSOCK32.dll
0x00007ffd67010000 - 0x00007ffd67037000 	C:\WINDOWS\SYSTEM32\WINMM.dll
0x00007ffd79440000 - 0x00007ffd794ab000 	C:\WINDOWS\System32\WS2_32.dll
0x00007ffd76b60000 - 0x00007ffd76b72000 	C:\WINDOWS\SYSTEM32\kernel.appcore.dll
0x00007ffd6d030000 - 0x00007ffd6d03a000 	C:\Program Files\Java\jdk-17\bin\jimage.dll
0x00007ffd760f0000 - 0x00007ffd762d4000 	C:\WINDOWS\SYSTEM32\DBGHELP.DLL
0x00007ffd6e290000 - 0x00007ffd6e2c4000 	C:\WINDOWS\SYSTEM32\dbgcore.DLL
0x00007ffd78c90000 - 0x00007ffd78d12000 	C:\WINDOWS\System32\bcryptPrimitives.dll
0x00007ffd4e640000 - 0x00007ffd4e665000 	C:\Program Files\Java\jdk-17\bin\java.dll
0x00007ffcf1440000 - 0x00007ffcf1517000 	C:\Program Files\Java\jdk-17\bin\jsvml.dll
0x00007ffd7a2e0000 - 0x00007ffd7aa4c000 	C:\WINDOWS\System32\SHELL32.dll
0x00007ffd763c0000 - 0x00007ffd76b5e000 	C:\WINDOWS\SYSTEM32\windows.storage.dll
0x00007ffd78fb0000 - 0x00007ffd79303000 	C:\WINDOWS\System32\combase.dll
0x00007ffd77ce0000 - 0x00007ffd77d0e000 	C:\WINDOWS\SYSTEM32\Wldp.dll
0x00007ffd7ab70000 - 0x00007ffd7ac3d000 	C:\WINDOWS\System32\OLEAUT32.dll
0x00007ffd78d20000 - 0x00007ffd78dcd000 	C:\WINDOWS\System32\SHCORE.dll
0x00007ffd78e80000 - 0x00007ffd78ed5000 	C:\WINDOWS\System32\shlwapi.dll
0x00007ffd782d0000 - 0x00007ffd782f4000 	C:\WINDOWS\SYSTEM32\profapi.dll
0x00007ffd63590000 - 0x00007ffd635a9000 	C:\Program Files\Java\jdk-17\bin\net.dll
0x00007ffd70b20000 - 0x00007ffd70c2a000 	C:\WINDOWS\SYSTEM32\WINHTTP.dll
0x00007ffd77ac0000 - 0x00007ffd77b2a000 	C:\WINDOWS\system32\mswsock.dll
0x00007ffd4de70000 - 0x00007ffd4de86000 	C:\Program Files\Java\jdk-17\bin\nio.dll
0x00007ffd4de50000 - 0x00007ffd4de68000 	C:\Program Files\Java\jdk-17\bin\zip.dll

dbghelp: loaded successfully - version: 4.0.5 - missing functions: none
symbol engine: initialized successfully - sym options: 0x614 - pdb path: .;C:\Program Files\Java\jdk-17\bin;C:\WINDOWS\SYSTEM32;C:\WINDOWS\WinSxS\amd64_microsoft.windows.common-controls_6595b64144ccf1df_6.0.19041.4355_none_60b8b9eb71f62e16;C:\Program Files\Java\jdk-17\bin\server

VM Arguments:
jvm_args: -XX:TieredStopAtLevel=1 
java_command: com.websocket.server.WebsocketServerApplication
java_class_path (initial): C:\Users\ASUS\IdeaProjects\websocket-server\target\classes;C:\Users\ASUS\.m2\repository\org\springframework\boot\spring-boot\3.3.1\spring-boot-3.3.1.jar;C:\Users\ASUS\.m2\repository\org\springframework\boot\spring-boot-autoconfigure\3.3.1\spring-boot-autoconfigure-3.3.1.jar;C:\Users\ASUS\.m2\repository\ch\qos\logback\logback-classic\1.5.6\logback-classic-1.5.6.jar;C:\Users\ASUS\.m2\repository\ch\qos\logback\logback-core\1.5.6\logback-core-1.5.6.jar;C:\Users\ASUS\.m2\repository\org\apache\logging\log4j\log4j-to-slf4j\2.23.1\log4j-to-slf4j-2.23.1.jar;C:\Users\ASUS\.m2\repository\org\apache\logging\log4j\log4j-api\2.23.1\log4j-api-2.23.1.jar;C:\Users\ASUS\.m2\repository\org\slf4j\jul-to-slf4j\2.0.13\jul-to-slf4j-2.0.13.jar;C:\Users\ASUS\.m2\repository\jakarta\annotation\jakarta.annotation-api\2.1.1\jakarta.annotation-api-2.1.1.jar;C:\Users\ASUS\.m2\repository\org\yaml\snakeyaml\2.2\snakeyaml-2.2.jar;C:\Users\ASUS\.m2\repository\com\fasterxml\jackson\core\jackson-databind\2.17.1\jackson-databind-2.17.1.jar;C:\Users\ASUS\.m2\repository\com\fasterxml\jackson\core\jackson-annotations\2.17.1\jackson-annotations-2.17.1.jar;C:\Users\ASUS\.m2\repository\com\fasterxml\jackson\core\jackson-core\2.17.1\jackson-core-2.17.1.jar;C:\Users\ASUS\.m2\repository\com\fasterxml\jackson\datatype\jackson-datatype-jdk8\2.17.1\jackson-datatype-jdk8-2.17.1.jar;C:\Users\ASUS\.m2\repository\com\fasterxml\jackson\datatype\jackson-datatype-jsr310\2.17.1\jackson-datatype-jsr310-2.17.1.jar;C:\Users\ASUS\.m2\repository\com\fasterxml\jackson\module\jackson-module-parameter-names\2.17.1\jackson-module-parameter-names-2.17.1.jar;C:\Users\ASUS\.m2\repository\org\apache\tomcat\embed\tomcat-embed-core\10.1.25\tomcat-embed-core-10.1.25.jar;C:\Users\ASUS\.m2\repository\org\apache\tomcat\embed\tomcat-embed-el\10.1.25\tomcat-embed-el-10.1.25.jar;C:\Users\ASUS\.m2\repository\org\apache\tomcat\embed\tomcat-embed-websocket\10.1.25\tomcat-embed-websocket-10.1.25.jar;C:\Users\ASUS\.m2\re
Launcher Type: SUN_STANDARD

[Global flags]
     intx CICompilerCount                          = 4                                         {product} {ergonomic}
     uint ConcGCThreads                            = 3                                         {product} {ergonomic}
     uint G1ConcRefinementThreads                  = 10                                        {product} {ergonomic}
   size_t G1HeapRegionSize                         = 1048576                                   {product} {ergonomic}
    uintx GCDrainStackTargetSize                   = 64                                        {product} {ergonomic}
   size_t InitialHeapSize                          = 132120576                                 {product} {ergonomic}
   size_t MarkStackSize                            = 4194304                                   {product} {ergonomic}
   size_t MaxHeapSize                              = 2109734912                                {product} {ergonomic}
   size_t MaxNewSize                               = 1265631232                                {product} {ergonomic}
   size_t MinHeapDeltaBytes                        = 1048576                                   {product} {ergonomic}
   size_t MinHeapSize                              = 8388608                                   {product} {ergonomic}
    uintx NonProfiledCodeHeapSize                  = 0                                      {pd product} {ergonomic}
     bool ProfileInterpreter                       = false                                  {pd product} {command line}
    uintx ProfiledCodeHeapSize                     = 0                                      {pd product} {ergonomic}
   size_t SoftMaxHeapSize                          = 2109734912                             {manageable} {ergonomic}
     intx TieredStopAtLevel                        = 1                                         {product} {command line}
     bool UseCompressedClassPointers               = true                           {product lp64_product} {ergonomic}
     bool UseCompressedOops                        = true                           {product lp64_product} {ergonomic}
     bool UseG1GC                                  = true                                      {product} {ergonomic}
     bool UseLargePagesIndividualAllocation        = false                                  {pd product} {ergonomic}

Logging:
Log output configuration:
 #0: stdout all=warning uptime,level,tags
 #1: stderr all=off uptime,level,tags

Environment Variables:
CLASSPATH=.
PATH=C:\Program Files\Common Files\Oracle\Java\javapath;C:\Program Files\PostgreSQL\11\bin;C:\TDM-GCC-64\bin;C:\Program Files\Java\jdk1.8.0_231\bin;C:\Program Files (x86)\NVIDIA Corporation\PhysX\Common;C:\Python27;C:\Program Files (x86)\Common Files\Oracle\Java\javapath;C:\WINDOWS\system32;C:\WINDOWS;C:\WINDOWS\System32\Wbem;C:\WINDOWS\System32\WindowsPowerShell\v1.0\;C:\WINDOWS\System32\OpenSSH\;C:\Gradle\gradle-7.5.1-bin\gradle-7.5.1\bin;C:\Users\ASUS\AppData\Roaming\nvm\v18.20.3;C:\Program Files\nodejs;C:\Program Files\ibm\gsk8\lib64;C:\Program Files (x86)\ibm\gsk8\lib;C:\Program Files (x86)\Bitvise SSH Client;C:\Users\ASUS\Downloads\dartsdk-windows-x64-release\dart-sdk\bin;C:\Users\ASUS\Downloads\flutter_windows_1.22.5-stable\flutter\bin;C:\Users\ASUS\Downloads\tree-1.5.2.2-bin\bin;C:\Program Files\EmEditor;C:\Users\ASUS\AppData\Local\Programs\Python\Python37;C:\Users\ASUS\AppData\Local\Programs\Python\Python37\Scripts;C:\Program Files (x86)\Google\Chrome\Application;C:\Program Files\PuTTY\;C:\Program Files\Docker\Docker\resources\bin;C:\Users\ASUS\AppData\Roaming\nvm;C:\Program Files\nodejs;C:\Program Files\Git\cmd;C:\xampp\php;C:\ProgramData\ComposerSetup\bin;C:\Users\ASUS\AppData\Local\Programs\Python\Python38-32\Scripts;C:\Users\ASUS\Downloads\apache-maven-3.6.3-bin\apache-maven-3.6.3\bin;C:\Program Files\curl-7.70.0-win64-mingw\bin;C:\Users\ASUS\AppData\Local\Programs\Python\Python38-32;C:\Program Files\MySQL\MySQL Server 8.0\bin;C:\Users\ASUS\AppData\Local\Microsoft\WindowsApps;C:\Users\ASUS\AppData\Local\Programs\Microsoft VS Code\bin;C:\Users\ASUS\Downloads\dartsdk-windows-x64-release\dart-sdk\bin;C:\Users\ASUS\AppData\Roaming\nvm;C:\Program Files\nodejs;C:\Users\ASUS\AppData\Local\GitHubDesktop\bin;C:\Users\ASUS\AppData\Roaming\Composer\vendor\bin
USERNAME=ASUS
OS=Windows_NT
PROCESSOR_IDENTIFIER=Intel64 Family 6 Model 158 Stepping 10, GenuineIntel



---------------  S Y S T E M  ---------------

OS:
 Windows 10 , 64 bit Build 19041 (10.0.19041.4597)
OS uptime: 0 days 12:45 hours
Hyper-V role detected

CPU: total 12 (initial active 12) (6 cores per cpu, 2 threads per core) family 6 model 158 stepping 10 microcode 0xb4, cx8, cmov, fxsr, ht, mmx, 3dnowpref, sse, sse2, sse3, ssse3, sse4.1, sse4.2, popcnt, lzcnt, tsc, tscinvbit, avx, avx2, aes, erms, clmul, bmi1, bmi2, adx, fma, vzeroupper, clflush, clflushopt, hv

Memory: 4k page, system-wide physical 8043M (160M free)
TotalPageFile size 32619M (AvailPageFile size 0M)
current process WorkingSet (physical memory assigned to process): 76M, peak: 76M
current process commit charge ("private bytes"): 223M, peak: 223M

vm_info: Java HotSpot(TM) 64-Bit Server VM (17.0.10+11-LTS-240) for windows-amd64 JRE (17.0.10+11-LTS-240), built on Dec 19 2023 21:47:25 by "mach5one" with MS VC++ 17.1 (VS2022)

END.
